<?xml version="1.0" encoding="UTF-8"?>
<!-- Generated by org.testng.reporters.JUnitReportReporter -->
<testsuite hostname="DESKTOP-B926T4N" failures="0" tests="3" name="home.ModalPopUp" time="11.553" errors="0" timestamp="9 Nov 2022 09:32:53 GMT">
  <testcase classname="home.ModalPopUp" name="tabnames" time="0.356"/>
  <testcase classname="home.ModalPopUp" name="buttoncapture" time="0.174"/>
  <testcase classname="home.ModalPopUp" name="open_site" time="11.023"/>
</testsuite> <!-- home.ModalPopUp -->
