<?xml version="1.0" encoding="UTF-8"?>
<!-- Generated by org.testng.reporters.JUnitReportReporter -->
<testsuite hostname="DESKTOP-B926T4N" failures="0" tests="5" name="home.DragAndDrop" time="9.058" errors="0" timestamp="9 Nov 2022 09:28:23 GMT">
  <testcase classname="home.DragAndDrop" name="title" time="0.016"/>
  <testcase classname="home.DragAndDrop" name="navigate" time="8.650"/>
  <testcase classname="home.DragAndDrop" name="identifydragAndDrop" time="0.068"/>
  <testcase classname="home.DragAndDrop" name="draganddrop" time="0.301"/>
  <testcase classname="home.DragAndDrop" name="url" time="0.023"/>
</testsuite> <!-- home.DragAndDrop -->
