<?xml version="1.0" encoding="UTF-8"?>
<!-- Generated by org.testng.reporters.JUnitReportReporter -->
<testsuite hostname="DESKTOP-B926T4N" failures="0" tests="4" name="home.RadioButton" time="18.619" errors="0" timestamp="9 Nov 2022 09:40:49 GMT">
  <testcase classname="home.RadioButton" name="click_radio" time="3.101"/>
  <testcase classname="home.RadioButton" name="text" time="0.082"/>
  <testcase classname="home.RadioButton" name="open_browser" time="15.065"/>
  <testcase classname="home.RadioButton" name="capture_status_all_radio" time="0.371"/>
</testsuite> <!-- home.RadioButton -->
