<?xml version="1.0" encoding="UTF-8"?>
<!-- Generated by org.testng.reporters.JUnitReportReporter -->
<testsuite hostname="DESKTOP-B926T4N" failures="0" tests="1" name="AmazonPage.Login" time="0.219" errors="0" timestamp="2022-11-08T11:55:46 IST" skipped="0">
  <testcase classname="AmazonPage.Login" name="gettitle" time="0.219"/>
  <system-out/>
</testsuite> <!-- AmazonPage.Login -->
