<?xml version="1.0" encoding="UTF-8"?>
<!-- Generated by org.testng.reporters.JUnitReportReporter -->
<testsuite hostname="DESKTOP-B926T4N" failures="0" tests="1" name="Day_1_Methods.program3" time="0.006" errors="0" timestamp="2022-11-08T11:00:51 IST" skipped="0">
  <testcase classname="Day_1_Methods.program3" name="opear" time="0.006"/>
  <system-out/>
</testsuite> <!-- Day_1_Methods.program3 -->
