<?xml version="1.0" encoding="UTF-8"?>
<!-- Generated by org.testng.reporters.JUnitReportReporter -->
<testsuite hostname="DESKTOP-B926T4N" failures="0" tests="2" name="MultipleClassesWorking.Class2" time="0.003" errors="0" timestamp="2022-11-08T11:16:52 IST" skipped="0">
  <testcase classname="MultipleClassesWorking.Class2" name="paymentdetails" time="0.001"/>
  <system-out/>
  <testcase classname="MultipleClassesWorking.Class2" name="deliveryprocess" time="0.002"/>
  <system-out/>
</testsuite> <!-- MultipleClassesWorking.Class2 -->
