<?xml version="1.0" encoding="UTF-8"?>
<!-- Generated by org.testng.reporters.JUnitReportReporter -->
<testsuite hostname="DESKTOP-B926T4N" failures="0" tests="3" name="AmazonPage.ClosePage" time="6.782" errors="0" timestamp="2022-11-12T11:25:19 IST" skipped="0">
  <testcase classname="AmazonPage.ClosePage" name="gettitle" time="0.266"/>
  <system-out/>
  <testcase classname="AmazonPage.ClosePage" name="dropdownList" time="5.259"/>
  <system-out/>
  <testcase classname="AmazonPage.ClosePage" name="screenshot" time="1.257"/>
  <system-out/>
</testsuite> <!-- AmazonPage.ClosePage -->
