<?xml version="1.0" encoding="UTF-8"?>
<!-- Generated by org.testng.reporters.JUnitReportReporter -->
<testsuite hostname="DESKTOP-B926T4N" failures="0" tests="3" name="MultipleClassesWorking.Class1" time="0.013" errors="0" timestamp="2022-11-08T11:16:52 IST" skipped="0">
  <testcase classname="MultipleClassesWorking.Class1" name="login" time="0.011"/>
  <system-out/>
  <testcase classname="MultipleClassesWorking.Class1" name="customerdetails" time="0.001"/>
  <system-out/>
  <testcase classname="MultipleClassesWorking.Class1" name="productdetails" time="0.001"/>
  <system-out/>
</testsuite> <!-- MultipleClassesWorking.Class1 -->
