<?xml version="1.0" encoding="UTF-8"?>
<!-- Generated by org.testng.reporters.JUnitReportReporter -->
<testsuite hostname="DESKTOP-B926T4N" failures="0" tests="3" name="Day_1_Methods.program2" time="28.361" errors="0" timestamp="2022-11-08T11:00:51 IST" skipped="0">
  <testcase classname="Day_1_Methods.program2" name="get_current_url" time="4.982"/>
  <system-out/>
  <testcase classname="Day_1_Methods.program2" name="get_Title" time="6.493"/>
  <system-out/>
  <testcase classname="Day_1_Methods.program2" name="screenshot" time="16.886"/>
  <system-out/>
</testsuite> <!-- Day_1_Methods.program2 -->
