<?xml version="1.0" encoding="UTF-8"?>
<!-- Generated by org.testng.reporters.JUnitReportReporter -->
<testsuite hostname="DESKTOP-B926T4N" failures="0" tests="5" name="MultipleClassesWorking.Class3" time="0.035" errors="0" timestamp="2022-11-17T18:37:17 IST" skipped="0">
  <testcase classname="MultipleClassesWorking.Class3" name="customerdetails" time="0.009"/>
  <system-out/>
  <testcase classname="MultipleClassesWorking.Class3" name="login" time="0.002"/>
  <system-out/>
  <testcase classname="MultipleClassesWorking.Class3" name="feedbackprocess" time="0.010"/>
  <system-out/>
  <testcase classname="MultipleClassesWorking.Class3" name="close" time="0.012"/>
  <system-out/>
  <testcase classname="MultipleClassesWorking.Class3" name="deliveryprocess" time="0.002"/>
  <system-out/>
</testsuite> <!-- MultipleClassesWorking.Class3 -->
